<?xml version="1.0" encoding="UTF-8"?>
<testsuite name="io.oasp.gastronomy.restaurant.general.common.api.security.SecurityRestServiceImplTest" time="1.195" tests="3" errors="0" skipped="0" failures="0">
  <properties>
[...]
</properties>
  <testcase name="testGetCurrentUser" classname="io.oasp.gastronomy.restaurant.general.common.api.security.SecurityRestServiceImplTest" time="1.109"/>
  <testcase name="testLogin" classname="io.oasp.gastronomy.restaurant.general.common.api.security.SecurityRestServiceImplTest" time="0.015"/>
  <testcase name="testGetCsrfToken" classname="io.oasp.gastronomy.restaurant.general.common.api.security.SecurityRestServiceImplTest" time="0.071"/>
</testsuite>